
2026/04/11 13:54:10 [32m/home/ldutrie/Projects/LPP/lpp-backend/internal/db/database.go:22
[0m[33m[14.494ms] [34;1m[rows:1][0m SELECT count(*) FROM information_schema.tables WHERE table_schema = CURRENT_SCHEMA() AND table_name = 'teams' AND table_type = 'BASE TABLE'

2026/04/11 13:54:10 [32m/home/ldutrie/Projects/LPP/lpp-backend/internal/db/database.go:22
[0m[33m[0.424ms] [34;1m[rows:1][0m SELECT CURRENT_DATABASE()

2026/04/11 13:54:10 [32m/home/ldutrie/Projects/LPP/lpp-backend/internal/db/database.go:22
[0m[33m[19.322ms] [34;1m[rows:-][0m SELECT c.column_name, c.is_nullable = 'YES', c.udt_name, c.character_maximum_length, c.numeric_precision, c.numeric_precision_radix, c.numeric_scale, c.datetime_precision, 8 * typlen, c.column_default, pd.description, c.identity_increment FROM information_schema.columns AS c JOIN pg_type AS pgt ON c.udt_name = pgt.typname LEFT JOIN pg_catalog.pg_description as pd ON pd.objsubid = c.ordinal_position AND pd.objoid = (SELECT oid FROM pg_catalog.pg_class WHERE relname = c.table_name AND relnamespace = (SELECT oid FROM pg_catalog.pg_namespace WHERE nspname = c.table_schema)) where table_catalog = 'lpp' AND table_schema = CURRENT_SCHEMA() AND table_name = 'teams'

2026/04/11 13:54:10 [32m/home/ldutrie/Projects/LPP/lpp-backend/internal/db/database.go:22
[0m[33m[0.972ms] [34;1m[rows:-][0m SELECT * FROM "teams" LIMIT 5

2026/04/11 13:54:10 [32m/home/ldutrie/Projects/LPP/lpp-backend/internal/db/database.go:22
[0m[33m[11.660ms] [34;1m[rows:-][0m SELECT constraint_name FROM information_schema.table_constraints tc JOIN information_schema.constraint_column_usage AS ccu USING (constraint_schema, constraint_catalog, table_name, constraint_name) JOIN information_schema.columns AS c ON c.table_schema = tc.constraint_schema AND tc.table_name = c.table_name AND ccu.column_name = c.column_name WHERE constraint_type IN ('PRIMARY KEY', 'UNIQUE') AND c.table_catalog = 'lpp' AND c.table_schema = CURRENT_SCHEMA() AND c.table_name = 'teams' AND constraint_type = 'UNIQUE'

2026/04/11 13:54:10 [32m/home/ldutrie/Projects/LPP/lpp-backend/internal/db/database.go:22
[0m[33m[8.540ms] [34;1m[rows:-][0m SELECT c.column_name, constraint_name, constraint_type FROM information_schema.table_constraints tc JOIN information_schema.constraint_column_usage AS ccu USING (constraint_schema, constraint_catalog, table_name, constraint_name) JOIN information_schema.columns AS c ON c.table_schema = tc.constraint_schema AND tc.table_name = c.table_name AND ccu.column_name = c.column_name WHERE constraint_type IN ('PRIMARY KEY', 'UNIQUE') AND c.table_catalog = 'lpp' AND c.table_schema = CURRENT_SCHEMA() AND c.table_name = 'teams'

2026/04/11 13:54:10 [32m/home/ldutrie/Projects/LPP/lpp-backend/internal/db/database.go:22
[0m[33m[1.564ms] [34;1m[rows:-][0m SELECT a.attname as column_name, format_type(a.atttypid, a.atttypmod) AS data_type
		FROM pg_attribute a JOIN pg_class b ON a.attrelid = b.oid AND relnamespace = (SELECT oid FROM pg_catalog.pg_namespace WHERE nspname = CURRENT_SCHEMA())
		WHERE a.attnum > 0 -- hide internal columns
		AND NOT a.attisdropped -- hide deleted columns
		AND b.relname = 'teams'

2026/04/11 13:54:10 [32m/home/ldutrie/Projects/LPP/lpp-backend/internal/db/database.go:22
[0m[33m[4.759ms] [34;1m[rows:0][0m SELECT description FROM pg_catalog.pg_description WHERE objsubid = (SELECT ordinal_position FROM information_schema.columns WHERE table_schema = CURRENT_SCHEMA() AND table_name = 'teams' AND column_name = 'id') AND objoid = (SELECT oid FROM pg_catalog.pg_class WHERE relname = 'teams' AND relnamespace = (SELECT oid FROM pg_catalog.pg_namespace WHERE nspname = CURRENT_SCHEMA()))

2026/04/11 13:54:10 [32m/home/ldutrie/Projects/LPP/lpp-backend/internal/db/database.go:22
[0m[33m[2.965ms] [34;1m[rows:0][0m SELECT description FROM pg_catalog.pg_description WHERE objsubid = (SELECT ordinal_position FROM information_schema.columns WHERE table_schema = CURRENT_SCHEMA() AND table_name = 'teams' AND column_name = 'created_at') AND objoid = (SELECT oid FROM pg_catalog.pg_class WHERE relname = 'teams' AND relnamespace = (SELECT oid FROM pg_catalog.pg_namespace WHERE nspname = CURRENT_SCHEMA()))

2026/04/11 13:54:10 [32m/home/ldutrie/Projects/LPP/lpp-backend/internal/db/database.go:22
[0m[33m[2.239ms] [34;1m[rows:0][0m SELECT description FROM pg_catalog.pg_description WHERE objsubid = (SELECT ordinal_position FROM information_schema.columns WHERE table_schema = CURRENT_SCHEMA() AND table_name = 'teams' AND column_name = 'updated_at') AND objoid = (SELECT oid FROM pg_catalog.pg_class WHERE relname = 'teams' AND relnamespace = (SELECT oid FROM pg_catalog.pg_namespace WHERE nspname = CURRENT_SCHEMA()))

2026/04/11 13:54:10 [32m/home/ldutrie/Projects/LPP/lpp-backend/internal/db/database.go:22
[0m[33m[2.255ms] [34;1m[rows:0][0m SELECT description FROM pg_catalog.pg_description WHERE objsubid = (SELECT ordinal_position FROM information_schema.columns WHERE table_schema = CURRENT_SCHEMA() AND table_name = 'teams' AND column_name = 'deleted_at') AND objoid = (SELECT oid FROM pg_catalog.pg_class WHERE relname = 'teams' AND relnamespace = (SELECT oid FROM pg_catalog.pg_namespace WHERE nspname = CURRENT_SCHEMA()))

2026/04/11 13:54:10 [32m/home/ldutrie/Projects/LPP/lpp-backend/internal/db/database.go:22
[0m[33m[2.886ms] [34;1m[rows:0][0m SELECT description FROM pg_catalog.pg_description WHERE objsubid = (SELECT ordinal_position FROM information_schema.columns WHERE table_schema = CURRENT_SCHEMA() AND table_name = 'teams' AND column_name = 'name') AND objoid = (SELECT oid FROM pg_catalog.pg_class WHERE relname = 'teams' AND relnamespace = (SELECT oid FROM pg_catalog.pg_namespace WHERE nspname = CURRENT_SCHEMA()))

2026/04/11 13:54:10 [32m/home/ldutrie/Projects/LPP/lpp-backend/internal/db/database.go:22
[0m[33m[2.378ms] [34;1m[rows:0][0m SELECT description FROM pg_catalog.pg_description WHERE objsubid = (SELECT ordinal_position FROM information_schema.columns WHERE table_schema = CURRENT_SCHEMA() AND table_name = 'teams' AND column_name = 'short_name') AND objoid = (SELECT oid FROM pg_catalog.pg_class WHERE relname = 'teams' AND relnamespace = (SELECT oid FROM pg_catalog.pg_namespace WHERE nspname = CURRENT_SCHEMA()))

2026/04/11 13:54:10 [32m/home/ldutrie/Projects/LPP/lpp-backend/internal/db/database.go:22
[0m[33m[0.486ms] [34;1m[rows:0][0m SELECT description FROM pg_catalog.pg_description WHERE objsubid = (SELECT ordinal_position FROM information_schema.columns WHERE table_schema = CURRENT_SCHEMA() AND table_name = 'teams' AND column_name = 'region') AND objoid = (SELECT oid FROM pg_catalog.pg_class WHERE relname = 'teams' AND relnamespace = (SELECT oid FROM pg_catalog.pg_namespace WHERE nspname = CURRENT_SCHEMA()))

2026/04/11 13:54:10 [32m/home/ldutrie/Projects/LPP/lpp-backend/internal/db/database.go:22
[0m[33m[0.344ms] [34;1m[rows:0][0m SELECT description FROM pg_catalog.pg_description WHERE objsubid = (SELECT ordinal_position FROM information_schema.columns WHERE table_schema = CURRENT_SCHEMA() AND table_name = 'teams' AND column_name = 'logo') AND objoid = (SELECT oid FROM pg_catalog.pg_class WHERE relname = 'teams' AND relnamespace = (SELECT oid FROM pg_catalog.pg_namespace WHERE nspname = CURRENT_SCHEMA()))

2026/04/11 13:54:10 [32m/home/ldutrie/Projects/LPP/lpp-backend/internal/db/database.go:22
[0m[33m[0.357ms] [34;1m[rows:0][0m SELECT description FROM pg_catalog.pg_description WHERE objsubid = (SELECT ordinal_position FROM information_schema.columns WHERE table_schema = CURRENT_SCHEMA() AND table_name = 'teams' AND column_name = 'external_id') AND objoid = (SELECT oid FROM pg_catalog.pg_class WHERE relname = 'teams' AND relnamespace = (SELECT oid FROM pg_catalog.pg_namespace WHERE nspname = CURRENT_SCHEMA()))

2026/04/11 13:54:10 [32m/home/ldutrie/Projects/LPP/lpp-backend/internal/db/database.go:22
[0m[33m[2.429ms] [34;1m[rows:1][0m SELECT count(*) FROM pg_indexes WHERE tablename = 'teams' AND indexname = 'idx_teams_deleted_at' AND schemaname = CURRENT_SCHEMA()

2026/04/11 13:54:10 [32m/home/ldutrie/Projects/LPP/lpp-backend/internal/db/database.go:22
[0m[33m[0.825ms] [34;1m[rows:1][0m SELECT count(*) FROM information_schema.tables WHERE table_schema = CURRENT_SCHEMA() AND table_name = 'poll_weeks' AND table_type = 'BASE TABLE'

2026/04/11 13:54:10 [32m/home/ldutrie/Projects/LPP/lpp-backend/internal/db/database.go:22
[0m[33m[0.247ms] [34;1m[rows:1][0m SELECT CURRENT_DATABASE()

2026/04/11 13:54:10 [32m/home/ldutrie/Projects/LPP/lpp-backend/internal/db/database.go:22
[0m[33m[6.296ms] [34;1m[rows:-][0m SELECT c.column_name, c.is_nullable = 'YES', c.udt_name, c.character_maximum_length, c.numeric_precision, c.numeric_precision_radix, c.numeric_scale, c.datetime_precision, 8 * typlen, c.column_default, pd.description, c.identity_increment FROM information_schema.columns AS c JOIN pg_type AS pgt ON c.udt_name = pgt.typname LEFT JOIN pg_catalog.pg_description as pd ON pd.objsubid = c.ordinal_position AND pd.objoid = (SELECT oid FROM pg_catalog.pg_class WHERE relname = c.table_name AND relnamespace = (SELECT oid FROM pg_catalog.pg_namespace WHERE nspname = c.table_schema)) where table_catalog = 'lpp' AND table_schema = CURRENT_SCHEMA() AND table_name = 'poll_weeks'

2026/04/11 13:54:10 [32m/home/ldutrie/Projects/LPP/lpp-backend/internal/db/database.go:22
[0m[33m[1.024ms] [34;1m[rows:-][0m SELECT * FROM "poll_weeks" LIMIT 5

2026/04/11 13:54:10 [32m/home/ldutrie/Projects/LPP/lpp-backend/internal/db/database.go:22
[0m[33m[6.671ms] [34;1m[rows:-][0m SELECT constraint_name FROM information_schema.table_constraints tc JOIN information_schema.constraint_column_usage AS ccu USING (constraint_schema, constraint_catalog, table_name, constraint_name) JOIN information_schema.columns AS c ON c.table_schema = tc.constraint_schema AND tc.table_name = c.table_name AND ccu.column_name = c.column_name WHERE constraint_type IN ('PRIMARY KEY', 'UNIQUE') AND c.table_catalog = 'lpp' AND c.table_schema = CURRENT_SCHEMA() AND c.table_name = 'poll_weeks' AND constraint_type = 'UNIQUE'

2026/04/11 13:54:10 [32m/home/ldutrie/Projects/LPP/lpp-backend/internal/db/database.go:22
[0m[33m[7.630ms] [34;1m[rows:-][0m SELECT c.column_name, constraint_name, constraint_type FROM information_schema.table_constraints tc JOIN information_schema.constraint_column_usage AS ccu USING (constraint_schema, constraint_catalog, table_name, constraint_name) JOIN information_schema.columns AS c ON c.table_schema = tc.constraint_schema AND tc.table_name = c.table_name AND ccu.column_name = c.column_name WHERE constraint_type IN ('PRIMARY KEY', 'UNIQUE') AND c.table_catalog = 'lpp' AND c.table_schema = CURRENT_SCHEMA() AND c.table_name = 'poll_weeks'

2026/04/11 13:54:10 [32m/home/ldutrie/Projects/LPP/lpp-backend/internal/db/database.go:22
[0m[33m[0.754ms] [34;1m[rows:-][0m SELECT a.attname as column_name, format_type(a.atttypid, a.atttypmod) AS data_type
		FROM pg_attribute a JOIN pg_class b ON a.attrelid = b.oid AND relnamespace = (SELECT oid FROM pg_catalog.pg_namespace WHERE nspname = CURRENT_SCHEMA())
		WHERE a.attnum > 0 -- hide internal columns
		AND NOT a.attisdropped -- hide deleted columns
		AND b.relname = 'poll_weeks'

2026/04/11 13:54:10 [32m/home/ldutrie/Projects/LPP/lpp-backend/internal/db/database.go:22
[0m[33m[0.818ms] [34;1m[rows:0][0m SELECT description FROM pg_catalog.pg_description WHERE objsubid = (SELECT ordinal_position FROM information_schema.columns WHERE table_schema = CURRENT_SCHEMA() AND table_name = 'poll_weeks' AND column_name = 'id') AND objoid = (SELECT oid FROM pg_catalog.pg_class WHERE relname = 'poll_weeks' AND relnamespace = (SELECT oid FROM pg_catalog.pg_namespace WHERE nspname = CURRENT_SCHEMA()))

2026/04/11 13:54:10 [32m/home/ldutrie/Projects/LPP/lpp-backend/internal/db/database.go:22
[0m[33m[0.494ms] [34;1m[rows:0][0m SELECT description FROM pg_catalog.pg_description WHERE objsubid = (SELECT ordinal_position FROM information_schema.columns WHERE table_schema = CURRENT_SCHEMA() AND table_name = 'poll_weeks' AND column_name = 'created_at') AND objoid = (SELECT oid FROM pg_catalog.pg_class WHERE relname = 'poll_weeks' AND relnamespace = (SELECT oid FROM pg_catalog.pg_namespace WHERE nspname = CURRENT_SCHEMA()))

2026/04/11 13:54:10 [32m/home/ldutrie/Projects/LPP/lpp-backend/internal/db/database.go:22
[0m[33m[0.427ms] [34;1m[rows:0][0m SELECT description FROM pg_catalog.pg_description WHERE objsubid = (SELECT ordinal_position FROM information_schema.columns WHERE table_schema = CURRENT_SCHEMA() AND table_name = 'poll_weeks' AND column_name = 'updated_at') AND objoid = (SELECT oid FROM pg_catalog.pg_class WHERE relname = 'poll_weeks' AND relnamespace = (SELECT oid FROM pg_catalog.pg_namespace WHERE nspname = CURRENT_SCHEMA()))

2026/04/11 13:54:10 [32m/home/ldutrie/Projects/LPP/lpp-backend/internal/db/database.go:22
[0m[33m[0.363ms] [34;1m[rows:0][0m SELECT description FROM pg_catalog.pg_description WHERE objsubid = (SELECT ordinal_position FROM information_schema.columns WHERE table_schema = CURRENT_SCHEMA() AND table_name = 'poll_weeks' AND column_name = 'year') AND objoid = (SELECT oid FROM pg_catalog.pg_class WHERE relname = 'poll_weeks' AND relnamespace = (SELECT oid FROM pg_catalog.pg_namespace WHERE nspname = CURRENT_SCHEMA()))

2026/04/11 13:54:10 [32m/home/ldutrie/Projects/LPP/lpp-backend/internal/db/database.go:22
[0m[33m[0.360ms] [34;1m[rows:0][0m SELECT description FROM pg_catalog.pg_description WHERE objsubid = (SELECT ordinal_position FROM information_schema.columns WHERE table_schema = CURRENT_SCHEMA() AND table_name = 'poll_weeks' AND column_name = 'split') AND objoid = (SELECT oid FROM pg_catalog.pg_class WHERE relname = 'poll_weeks' AND relnamespace = (SELECT oid FROM pg_catalog.pg_namespace WHERE nspname = CURRENT_SCHEMA()))

2026/04/11 13:54:10 [32m/home/ldutrie/Projects/LPP/lpp-backend/internal/db/database.go:22
[0m[33m[0.324ms] [34;1m[rows:0][0m SELECT description FROM pg_catalog.pg_description WHERE objsubid = (SELECT ordinal_position FROM information_schema.columns WHERE table_schema = CURRENT_SCHEMA() AND table_name = 'poll_weeks' AND column_name = 'week_number') AND objoid = (SELECT oid FROM pg_catalog.pg_class WHERE relname = 'poll_weeks' AND relnamespace = (SELECT oid FROM pg_catalog.pg_namespace WHERE nspname = CURRENT_SCHEMA()))

2026/04/11 13:54:10 [32m/home/ldutrie/Projects/LPP/lpp-backend/internal/db/database.go:22
[0m[33m[0.350ms] [34;1m[rows:0][0m SELECT description FROM pg_catalog.pg_description WHERE objsubid = (SELECT ordinal_position FROM information_schema.columns WHERE table_schema = CURRENT_SCHEMA() AND table_name = 'poll_weeks' AND column_name = 'publish_date') AND objoid = (SELECT oid FROM pg_catalog.pg_class WHERE relname = 'poll_weeks' AND relnamespace = (SELECT oid FROM pg_catalog.pg_namespace WHERE nspname = CURRENT_SCHEMA()))

2026/04/11 13:54:10 [32m/home/ldutrie/Projects/LPP/lpp-backend/internal/db/database.go:22
[0m[33m[0.330ms] [34;1m[rows:0][0m SELECT description FROM pg_catalog.pg_description WHERE objsubid = (SELECT ordinal_position FROM information_schema.columns WHERE table_schema = CURRENT_SCHEMA() AND table_name = 'poll_weeks' AND column_name = 'status') AND objoid = (SELECT oid FROM pg_catalog.pg_class WHERE relname = 'poll_weeks' AND relnamespace = (SELECT oid FROM pg_catalog.pg_namespace WHERE nspname = CURRENT_SCHEMA()))

2026/04/11 13:54:10 [32m/home/ldutrie/Projects/LPP/lpp-backend/internal/db/database.go:22
[0m[33m[0.774ms] [34;1m[rows:1][0m SELECT count(*) FROM information_schema.tables WHERE table_schema = CURRENT_SCHEMA() AND table_name = 'voters' AND table_type = 'BASE TABLE'

2026/04/11 13:54:10 [32m/home/ldutrie/Projects/LPP/lpp-backend/internal/db/database.go:22
[0m[33m[0.179ms] [34;1m[rows:1][0m SELECT CURRENT_DATABASE()

2026/04/11 13:54:10 [32m/home/ldutrie/Projects/LPP/lpp-backend/internal/db/database.go:22
[0m[33m[6.920ms] [34;1m[rows:-][0m SELECT c.column_name, c.is_nullable = 'YES', c.udt_name, c.character_maximum_length, c.numeric_precision, c.numeric_precision_radix, c.numeric_scale, c.datetime_precision, 8 * typlen, c.column_default, pd.description, c.identity_increment FROM information_schema.columns AS c JOIN pg_type AS pgt ON c.udt_name = pgt.typname LEFT JOIN pg_catalog.pg_description as pd ON pd.objsubid = c.ordinal_position AND pd.objoid = (SELECT oid FROM pg_catalog.pg_class WHERE relname = c.table_name AND relnamespace = (SELECT oid FROM pg_catalog.pg_namespace WHERE nspname = c.table_schema)) where table_catalog = 'lpp' AND table_schema = CURRENT_SCHEMA() AND table_name = 'voters'

2026/04/11 13:54:10 [32m/home/ldutrie/Projects/LPP/lpp-backend/internal/db/database.go:22
[0m[33m[1.231ms] [34;1m[rows:-][0m SELECT * FROM "voters" LIMIT 5

2026/04/11 13:54:10 [32m/home/ldutrie/Projects/LPP/lpp-backend/internal/db/database.go:22
[0m[33m[8.086ms] [34;1m[rows:-][0m SELECT constraint_name FROM information_schema.table_constraints tc JOIN information_schema.constraint_column_usage AS ccu USING (constraint_schema, constraint_catalog, table_name, constraint_name) JOIN information_schema.columns AS c ON c.table_schema = tc.constraint_schema AND tc.table_name = c.table_name AND ccu.column_name = c.column_name WHERE constraint_type IN ('PRIMARY KEY', 'UNIQUE') AND c.table_catalog = 'lpp' AND c.table_schema = CURRENT_SCHEMA() AND c.table_name = 'voters' AND constraint_type = 'UNIQUE'

2026/04/11 13:54:10 [32m/home/ldutrie/Projects/LPP/lpp-backend/internal/db/database.go:22
[0m[33m[7.775ms] [34;1m[rows:-][0m SELECT c.column_name, constraint_name, constraint_type FROM information_schema.table_constraints tc JOIN information_schema.constraint_column_usage AS ccu USING (constraint_schema, constraint_catalog, table_name, constraint_name) JOIN information_schema.columns AS c ON c.table_schema = tc.constraint_schema AND tc.table_name = c.table_name AND ccu.column_name = c.column_name WHERE constraint_type IN ('PRIMARY KEY', 'UNIQUE') AND c.table_catalog = 'lpp' AND c.table_schema = CURRENT_SCHEMA() AND c.table_name = 'voters'

2026/04/11 13:54:10 [32m/home/ldutrie/Projects/LPP/lpp-backend/internal/db/database.go:22
[0m[33m[0.605ms] [34;1m[rows:-][0m SELECT a.attname as column_name, format_type(a.atttypid, a.atttypmod) AS data_type
		FROM pg_attribute a JOIN pg_class b ON a.attrelid = b.oid AND relnamespace = (SELECT oid FROM pg_catalog.pg_namespace WHERE nspname = CURRENT_SCHEMA())
		WHERE a.attnum > 0 -- hide internal columns
		AND NOT a.attisdropped -- hide deleted columns
		AND b.relname = 'voters'

2026/04/11 13:54:10 [32m/home/ldutrie/Projects/LPP/lpp-backend/internal/db/database.go:22
[0m[33m[0.373ms] [34;1m[rows:0][0m SELECT description FROM pg_catalog.pg_description WHERE objsubid = (SELECT ordinal_position FROM information_schema.columns WHERE table_schema = CURRENT_SCHEMA() AND table_name = 'voters' AND column_name = 'id') AND objoid = (SELECT oid FROM pg_catalog.pg_class WHERE relname = 'voters' AND relnamespace = (SELECT oid FROM pg_catalog.pg_namespace WHERE nspname = CURRENT_SCHEMA()))

2026/04/11 13:54:10 [32m/home/ldutrie/Projects/LPP/lpp-backend/internal/db/database.go:22
[0m[33m[0.345ms] [34;1m[rows:0][0m SELECT description FROM pg_catalog.pg_description WHERE objsubid = (SELECT ordinal_position FROM information_schema.columns WHERE table_schema = CURRENT_SCHEMA() AND table_name = 'voters' AND column_name = 'created_at') AND objoid = (SELECT oid FROM pg_catalog.pg_class WHERE relname = 'voters' AND relnamespace = (SELECT oid FROM pg_catalog.pg_namespace WHERE nspname = CURRENT_SCHEMA()))

2026/04/11 13:54:10 [32m/home/ldutrie/Projects/LPP/lpp-backend/internal/db/database.go:22
[0m[33m[0.343ms] [34;1m[rows:0][0m SELECT description FROM pg_catalog.pg_description WHERE objsubid = (SELECT ordinal_position FROM information_schema.columns WHERE table_schema = CURRENT_SCHEMA() AND table_name = 'voters' AND column_name = 'updated_at') AND objoid = (SELECT oid FROM pg_catalog.pg_class WHERE relname = 'voters' AND relnamespace = (SELECT oid FROM pg_catalog.pg_namespace WHERE nspname = CURRENT_SCHEMA()))

2026/04/11 13:54:10 [32m/home/ldutrie/Projects/LPP/lpp-backend/internal/db/database.go:22
[0m[33m[0.333ms] [34;1m[rows:0][0m SELECT description FROM pg_catalog.pg_description WHERE objsubid = (SELECT ordinal_position FROM information_schema.columns WHERE table_schema = CURRENT_SCHEMA() AND table_name = 'voters' AND column_name = 'deleted_at') AND objoid = (SELECT oid FROM pg_catalog.pg_class WHERE relname = 'voters' AND relnamespace = (SELECT oid FROM pg_catalog.pg_namespace WHERE nspname = CURRENT_SCHEMA()))

2026/04/11 13:54:10 [32m/home/ldutrie/Projects/LPP/lpp-backend/internal/db/database.go:22
[0m[33m[0.479ms] [34;1m[rows:0][0m SELECT description FROM pg_catalog.pg_description WHERE objsubid = (SELECT ordinal_position FROM information_schema.columns WHERE table_schema = CURRENT_SCHEMA() AND table_name = 'voters' AND column_name = 'name') AND objoid = (SELECT oid FROM pg_catalog.pg_class WHERE relname = 'voters' AND relnamespace = (SELECT oid FROM pg_catalog.pg_namespace WHERE nspname = CURRENT_SCHEMA()))

2026/04/11 13:54:10 [32m/home/ldutrie/Projects/LPP/lpp-backend/internal/db/database.go:22
[0m[33m[0.401ms] [34;1m[rows:0][0m SELECT description FROM pg_catalog.pg_description WHERE objsubid = (SELECT ordinal_position FROM information_schema.columns WHERE table_schema = CURRENT_SCHEMA() AND table_name = 'voters' AND column_name = 'outlet') AND objoid = (SELECT oid FROM pg_catalog.pg_class WHERE relname = 'voters' AND relnamespace = (SELECT oid FROM pg_catalog.pg_namespace WHERE nspname = CURRENT_SCHEMA()))

2026/04/11 13:54:10 [32m/home/ldutrie/Projects/LPP/lpp-backend/internal/db/database.go:22
[0m[33m[0.350ms] [34;1m[rows:0][0m SELECT description FROM pg_catalog.pg_description WHERE objsubid = (SELECT ordinal_position FROM information_schema.columns WHERE table_schema = CURRENT_SCHEMA() AND table_name = 'voters' AND column_name = 'email') AND objoid = (SELECT oid FROM pg_catalog.pg_class WHERE relname = 'voters' AND relnamespace = (SELECT oid FROM pg_catalog.pg_namespace WHERE nspname = CURRENT_SCHEMA()))

2026/04/11 13:54:10 [32m/home/ldutrie/Projects/LPP/lpp-backend/internal/db/database.go:22
[0m[33m[0.272ms] [34;1m[rows:0][0m SELECT description FROM pg_catalog.pg_description WHERE objsubid = (SELECT ordinal_position FROM information_schema.columns WHERE table_schema = CURRENT_SCHEMA() AND table_name = 'voters' AND column_name = 'region') AND objoid = (SELECT oid FROM pg_catalog.pg_class WHERE relname = 'voters' AND relnamespace = (SELECT oid FROM pg_catalog.pg_namespace WHERE nspname = CURRENT_SCHEMA()))

2026/04/11 13:54:10 [32m/home/ldutrie/Projects/LPP/lpp-backend/internal/db/database.go:22
[0m[33m[0.308ms] [34;1m[rows:0][0m SELECT description FROM pg_catalog.pg_description WHERE objsubid = (SELECT ordinal_position FROM information_schema.columns WHERE table_schema = CURRENT_SCHEMA() AND table_name = 'voters' AND column_name = 'is_active') AND objoid = (SELECT oid FROM pg_catalog.pg_class WHERE relname = 'voters' AND relnamespace = (SELECT oid FROM pg_catalog.pg_namespace WHERE nspname = CURRENT_SCHEMA()))

2026/04/11 13:54:10 [32m/home/ldutrie/Projects/LPP/lpp-backend/internal/db/database.go:22
[0m[33m[0.821ms] [34;1m[rows:1][0m SELECT count(*) FROM pg_indexes WHERE tablename = 'voters' AND indexname = 'idx_voters_deleted_at' AND schemaname = CURRENT_SCHEMA()

2026/04/11 13:54:10 [32m/home/ldutrie/Projects/LPP/lpp-backend/internal/db/database.go:22
[0m[33m[0.652ms] [34;1m[rows:1][0m SELECT count(*) FROM pg_indexes WHERE tablename = 'voters' AND indexname = 'idx_voters_email' AND schemaname = CURRENT_SCHEMA()

2026/04/11 13:54:10 [32m/home/ldutrie/Projects/LPP/lpp-backend/internal/db/database.go:22
[0m[33m[0.680ms] [34;1m[rows:1][0m SELECT count(*) FROM information_schema.tables WHERE table_schema = CURRENT_SCHEMA() AND table_name = 'votes' AND table_type = 'BASE TABLE'

2026/04/11 13:54:10 [32m/home/ldutrie/Projects/LPP/lpp-backend/internal/db/database.go:22
[0m[33m[0.132ms] [34;1m[rows:1][0m SELECT CURRENT_DATABASE()

2026/04/11 13:54:10 [32m/home/ldutrie/Projects/LPP/lpp-backend/internal/db/database.go:22
[0m[33m[5.657ms] [34;1m[rows:-][0m SELECT c.column_name, c.is_nullable = 'YES', c.udt_name, c.character_maximum_length, c.numeric_precision, c.numeric_precision_radix, c.numeric_scale, c.datetime_precision, 8 * typlen, c.column_default, pd.description, c.identity_increment FROM information_schema.columns AS c JOIN pg_type AS pgt ON c.udt_name = pgt.typname LEFT JOIN pg_catalog.pg_description as pd ON pd.objsubid = c.ordinal_position AND pd.objoid = (SELECT oid FROM pg_catalog.pg_class WHERE relname = c.table_name AND relnamespace = (SELECT oid FROM pg_catalog.pg_namespace WHERE nspname = c.table_schema)) where table_catalog = 'lpp' AND table_schema = CURRENT_SCHEMA() AND table_name = 'votes'

2026/04/11 13:54:10 [32m/home/ldutrie/Projects/LPP/lpp-backend/internal/db/database.go:22
[0m[33m[2.123ms] [34;1m[rows:-][0m SELECT * FROM "votes" LIMIT 5

2026/04/11 13:54:10 [32m/home/ldutrie/Projects/LPP/lpp-backend/internal/db/database.go:22
[0m[33m[7.145ms] [34;1m[rows:-][0m SELECT constraint_name FROM information_schema.table_constraints tc JOIN information_schema.constraint_column_usage AS ccu USING (constraint_schema, constraint_catalog, table_name, constraint_name) JOIN information_schema.columns AS c ON c.table_schema = tc.constraint_schema AND tc.table_name = c.table_name AND ccu.column_name = c.column_name WHERE constraint_type IN ('PRIMARY KEY', 'UNIQUE') AND c.table_catalog = 'lpp' AND c.table_schema = CURRENT_SCHEMA() AND c.table_name = 'votes' AND constraint_type = 'UNIQUE'

2026/04/11 13:54:10 [32m/home/ldutrie/Projects/LPP/lpp-backend/internal/db/database.go:22
[0m[33m[5.034ms] [34;1m[rows:-][0m SELECT c.column_name, constraint_name, constraint_type FROM information_schema.table_constraints tc JOIN information_schema.constraint_column_usage AS ccu USING (constraint_schema, constraint_catalog, table_name, constraint_name) JOIN information_schema.columns AS c ON c.table_schema = tc.constraint_schema AND tc.table_name = c.table_name AND ccu.column_name = c.column_name WHERE constraint_type IN ('PRIMARY KEY', 'UNIQUE') AND c.table_catalog = 'lpp' AND c.table_schema = CURRENT_SCHEMA() AND c.table_name = 'votes'

2026/04/11 13:54:10 [32m/home/ldutrie/Projects/LPP/lpp-backend/internal/db/database.go:22
[0m[33m[0.641ms] [34;1m[rows:-][0m SELECT a.attname as column_name, format_type(a.atttypid, a.atttypmod) AS data_type
		FROM pg_attribute a JOIN pg_class b ON a.attrelid = b.oid AND relnamespace = (SELECT oid FROM pg_catalog.pg_namespace WHERE nspname = CURRENT_SCHEMA())
		WHERE a.attnum > 0 -- hide internal columns
		AND NOT a.attisdropped -- hide deleted columns
		AND b.relname = 'votes'

2026/04/11 13:54:10 [32m/home/ldutrie/Projects/LPP/lpp-backend/internal/db/database.go:22
[0m[33m[0.437ms] [34;1m[rows:0][0m SELECT description FROM pg_catalog.pg_description WHERE objsubid = (SELECT ordinal_position FROM information_schema.columns WHERE table_schema = CURRENT_SCHEMA() AND table_name = 'votes' AND column_name = 'id') AND objoid = (SELECT oid FROM pg_catalog.pg_class WHERE relname = 'votes' AND relnamespace = (SELECT oid FROM pg_catalog.pg_namespace WHERE nspname = CURRENT_SCHEMA()))

2026/04/11 13:54:10 [32m/home/ldutrie/Projects/LPP/lpp-backend/internal/db/database.go:22
[0m[33m[0.371ms] [34;1m[rows:0][0m SELECT description FROM pg_catalog.pg_description WHERE objsubid = (SELECT ordinal_position FROM information_schema.columns WHERE table_schema = CURRENT_SCHEMA() AND table_name = 'votes' AND column_name = 'created_at') AND objoid = (SELECT oid FROM pg_catalog.pg_class WHERE relname = 'votes' AND relnamespace = (SELECT oid FROM pg_catalog.pg_namespace WHERE nspname = CURRENT_SCHEMA()))

2026/04/11 13:54:10 [32m/home/ldutrie/Projects/LPP/lpp-backend/internal/db/database.go:22
[0m[33m[0.502ms] [34;1m[rows:0][0m SELECT description FROM pg_catalog.pg_description WHERE objsubid = (SELECT ordinal_position FROM information_schema.columns WHERE table_schema = CURRENT_SCHEMA() AND table_name = 'votes' AND column_name = 'updated_at') AND objoid = (SELECT oid FROM pg_catalog.pg_class WHERE relname = 'votes' AND relnamespace = (SELECT oid FROM pg_catalog.pg_namespace WHERE nspname = CURRENT_SCHEMA()))

2026/04/11 13:54:10 [32m/home/ldutrie/Projects/LPP/lpp-backend/internal/db/database.go:22
[0m[33m[0.456ms] [34;1m[rows:0][0m SELECT description FROM pg_catalog.pg_description WHERE objsubid = (SELECT ordinal_position FROM information_schema.columns WHERE table_schema = CURRENT_SCHEMA() AND table_name = 'votes' AND column_name = 'poll_week_id') AND objoid = (SELECT oid FROM pg_catalog.pg_class WHERE relname = 'votes' AND relnamespace = (SELECT oid FROM pg_catalog.pg_namespace WHERE nspname = CURRENT_SCHEMA()))

2026/04/11 13:54:10 [32m/home/ldutrie/Projects/LPP/lpp-backend/internal/db/database.go:22
[0m[33m[0.400ms] [34;1m[rows:0][0m SELECT description FROM pg_catalog.pg_description WHERE objsubid = (SELECT ordinal_position FROM information_schema.columns WHERE table_schema = CURRENT_SCHEMA() AND table_name = 'votes' AND column_name = 'voter_id') AND objoid = (SELECT oid FROM pg_catalog.pg_class WHERE relname = 'votes' AND relnamespace = (SELECT oid FROM pg_catalog.pg_namespace WHERE nspname = CURRENT_SCHEMA()))

2026/04/11 13:54:10 [32m/home/ldutrie/Projects/LPP/lpp-backend/internal/db/database.go:22
[0m[33m[0.261ms] [34;1m[rows:0][0m SELECT description FROM pg_catalog.pg_description WHERE objsubid = (SELECT ordinal_position FROM information_schema.columns WHERE table_schema = CURRENT_SCHEMA() AND table_name = 'votes' AND column_name = 'rankings') AND objoid = (SELECT oid FROM pg_catalog.pg_class WHERE relname = 'votes' AND relnamespace = (SELECT oid FROM pg_catalog.pg_namespace WHERE nspname = CURRENT_SCHEMA()))

2026/04/11 13:54:10 [32m/home/ldutrie/Projects/LPP/lpp-backend/internal/db/database.go:22
[0m[33m[0.217ms] [34;1m[rows:0][0m SELECT description FROM pg_catalog.pg_description WHERE objsubid = (SELECT ordinal_position FROM information_schema.columns WHERE table_schema = CURRENT_SCHEMA() AND table_name = 'votes' AND column_name = 'submitted_at') AND objoid = (SELECT oid FROM pg_catalog.pg_class WHERE relname = 'votes' AND relnamespace = (SELECT oid FROM pg_catalog.pg_namespace WHERE nspname = CURRENT_SCHEMA()))

2026/04/11 13:54:10 [32m/home/ldutrie/Projects/LPP/lpp-backend/internal/db/database.go:22
[0m[33m[0.710ms] [34;1m[rows:1][0m SELECT count(*) FROM pg_indexes WHERE tablename = 'votes' AND indexname = 'idx_votes_poll_week_id' AND schemaname = CURRENT_SCHEMA()

2026/04/11 13:54:10 [32m/home/ldutrie/Projects/LPP/lpp-backend/internal/db/database.go:22
[0m[33m[0.705ms] [34;1m[rows:1][0m SELECT count(*) FROM pg_indexes WHERE tablename = 'votes' AND indexname = 'idx_votes_voter_id' AND schemaname = CURRENT_SCHEMA()

2026/04/11 13:54:10 [32m/home/ldutrie/Projects/LPP/lpp-backend/internal/db/database.go:22
[0m[33m[0.593ms] [34;1m[rows:1][0m SELECT count(*) FROM information_schema.tables WHERE table_schema = CURRENT_SCHEMA() AND table_name = 'rankings' AND table_type = 'BASE TABLE'

2026/04/11 13:54:10 [32m/home/ldutrie/Projects/LPP/lpp-backend/internal/db/database.go:22
[0m[33m[0.169ms] [34;1m[rows:1][0m SELECT CURRENT_DATABASE()

2026/04/11 13:54:10 [32m/home/ldutrie/Projects/LPP/lpp-backend/internal/db/database.go:22
[0m[33m[4.816ms] [34;1m[rows:-][0m SELECT c.column_name, c.is_nullable = 'YES', c.udt_name, c.character_maximum_length, c.numeric_precision, c.numeric_precision_radix, c.numeric_scale, c.datetime_precision, 8 * typlen, c.column_default, pd.description, c.identity_increment FROM information_schema.columns AS c JOIN pg_type AS pgt ON c.udt_name = pgt.typname LEFT JOIN pg_catalog.pg_description as pd ON pd.objsubid = c.ordinal_position AND pd.objoid = (SELECT oid FROM pg_catalog.pg_class WHERE relname = c.table_name AND relnamespace = (SELECT oid FROM pg_catalog.pg_namespace WHERE nspname = c.table_schema)) where table_catalog = 'lpp' AND table_schema = CURRENT_SCHEMA() AND table_name = 'rankings'

2026/04/11 13:54:10 [32m/home/ldutrie/Projects/LPP/lpp-backend/internal/db/database.go:22
[0m[33m[1.118ms] [34;1m[rows:-][0m SELECT * FROM "rankings" LIMIT 5

2026/04/11 13:54:10 [32m/home/ldutrie/Projects/LPP/lpp-backend/internal/db/database.go:22
[0m[33m[4.739ms] [34;1m[rows:-][0m SELECT constraint_name FROM information_schema.table_constraints tc JOIN information_schema.constraint_column_usage AS ccu USING (constraint_schema, constraint_catalog, table_name, constraint_name) JOIN information_schema.columns AS c ON c.table_schema = tc.constraint_schema AND tc.table_name = c.table_name AND ccu.column_name = c.column_name WHERE constraint_type IN ('PRIMARY KEY', 'UNIQUE') AND c.table_catalog = 'lpp' AND c.table_schema = CURRENT_SCHEMA() AND c.table_name = 'rankings' AND constraint_type = 'UNIQUE'

2026/04/11 13:54:10 [32m/home/ldutrie/Projects/LPP/lpp-backend/internal/db/database.go:22
[0m[33m[5.461ms] [34;1m[rows:-][0m SELECT c.column_name, constraint_name, constraint_type FROM information_schema.table_constraints tc JOIN information_schema.constraint_column_usage AS ccu USING (constraint_schema, constraint_catalog, table_name, constraint_name) JOIN information_schema.columns AS c ON c.table_schema = tc.constraint_schema AND tc.table_name = c.table_name AND ccu.column_name = c.column_name WHERE constraint_type IN ('PRIMARY KEY', 'UNIQUE') AND c.table_catalog = 'lpp' AND c.table_schema = CURRENT_SCHEMA() AND c.table_name = 'rankings'

2026/04/11 13:54:10 [32m/home/ldutrie/Projects/LPP/lpp-backend/internal/db/database.go:22
[0m[33m[0.662ms] [34;1m[rows:-][0m SELECT a.attname as column_name, format_type(a.atttypid, a.atttypmod) AS data_type
		FROM pg_attribute a JOIN pg_class b ON a.attrelid = b.oid AND relnamespace = (SELECT oid FROM pg_catalog.pg_namespace WHERE nspname = CURRENT_SCHEMA())
		WHERE a.attnum > 0 -- hide internal columns
		AND NOT a.attisdropped -- hide deleted columns
		AND b.relname = 'rankings'

2026/04/11 13:54:10 [32m/home/ldutrie/Projects/LPP/lpp-backend/internal/db/database.go:22
[0m[33m[0.607ms] [34;1m[rows:0][0m SELECT description FROM pg_catalog.pg_description WHERE objsubid = (SELECT ordinal_position FROM information_schema.columns WHERE table_schema = CURRENT_SCHEMA() AND table_name = 'rankings' AND column_name = 'id') AND objoid = (SELECT oid FROM pg_catalog.pg_class WHERE relname = 'rankings' AND relnamespace = (SELECT oid FROM pg_catalog.pg_namespace WHERE nspname = CURRENT_SCHEMA()))

2026/04/11 13:54:10 [32m/home/ldutrie/Projects/LPP/lpp-backend/internal/db/database.go:22
[0m[33m[0.381ms] [34;1m[rows:0][0m SELECT description FROM pg_catalog.pg_description WHERE objsubid = (SELECT ordinal_position FROM information_schema.columns WHERE table_schema = CURRENT_SCHEMA() AND table_name = 'rankings' AND column_name = 'poll_week_id') AND objoid = (SELECT oid FROM pg_catalog.pg_class WHERE relname = 'rankings' AND relnamespace = (SELECT oid FROM pg_catalog.pg_namespace WHERE nspname = CURRENT_SCHEMA()))

2026/04/11 13:54:10 [32m/home/ldutrie/Projects/LPP/lpp-backend/internal/db/database.go:22
[0m[33m[0.341ms] [34;1m[rows:0][0m SELECT description FROM pg_catalog.pg_description WHERE objsubid = (SELECT ordinal_position FROM information_schema.columns WHERE table_schema = CURRENT_SCHEMA() AND table_name = 'rankings' AND column_name = 'team_id') AND objoid = (SELECT oid FROM pg_catalog.pg_class WHERE relname = 'rankings' AND relnamespace = (SELECT oid FROM pg_catalog.pg_namespace WHERE nspname = CURRENT_SCHEMA()))

2026/04/11 13:54:10 [32m/home/ldutrie/Projects/LPP/lpp-backend/internal/db/database.go:22
[0m[33m[0.308ms] [34;1m[rows:0][0m SELECT description FROM pg_catalog.pg_description WHERE objsubid = (SELECT ordinal_position FROM information_schema.columns WHERE table_schema = CURRENT_SCHEMA() AND table_name = 'rankings' AND column_name = 'rank') AND objoid = (SELECT oid FROM pg_catalog.pg_class WHERE relname = 'rankings' AND relnamespace = (SELECT oid FROM pg_catalog.pg_namespace WHERE nspname = CURRENT_SCHEMA()))

2026/04/11 13:54:10 [32m/home/ldutrie/Projects/LPP/lpp-backend/internal/db/database.go:22
[0m[33m[0.348ms] [34;1m[rows:0][0m SELECT description FROM pg_catalog.pg_description WHERE objsubid = (SELECT ordinal_position FROM information_schema.columns WHERE table_schema = CURRENT_SCHEMA() AND table_name = 'rankings' AND column_name = 'points') AND objoid = (SELECT oid FROM pg_catalog.pg_class WHERE relname = 'rankings' AND relnamespace = (SELECT oid FROM pg_catalog.pg_namespace WHERE nspname = CURRENT_SCHEMA()))

2026/04/11 13:54:10 [32m/home/ldutrie/Projects/LPP/lpp-backend/internal/db/database.go:22
[0m[33m[0.291ms] [34;1m[rows:0][0m SELECT description FROM pg_catalog.pg_description WHERE objsubid = (SELECT ordinal_position FROM information_schema.columns WHERE table_schema = CURRENT_SCHEMA() AND table_name = 'rankings' AND column_name = 'first_place_votes') AND objoid = (SELECT oid FROM pg_catalog.pg_class WHERE relname = 'rankings' AND relnamespace = (SELECT oid FROM pg_catalog.pg_namespace WHERE nspname = CURRENT_SCHEMA()))

2026/04/11 13:54:10 [32m/home/ldutrie/Projects/LPP/lpp-backend/internal/db/database.go:22
[0m[33m[0.686ms] [34;1m[rows:1][0m SELECT count(*) FROM pg_indexes WHERE tablename = 'rankings' AND indexname = 'idx_rankings_poll_week_id' AND schemaname = CURRENT_SCHEMA()

2026/04/11 13:54:10 [32m/home/ldutrie/Projects/LPP/lpp-backend/internal/db/database.go:22
[0m[33m[0.257ms] [34;1m[rows:1][0m SELECT count(*) FROM pg_indexes WHERE tablename = 'rankings' AND indexname = 'idx_rankings_team_id' AND schemaname = CURRENT_SCHEMA()

2026/04/11 13:54:10 [32m/home/ldutrie/Projects/LPP/lpp-backend/internal/db/database.go:22
[0m[33m[0.518ms] [34;1m[rows:1][0m SELECT count(*) FROM information_schema.tables WHERE table_schema = CURRENT_SCHEMA() AND table_name = 'matches' AND table_type = 'BASE TABLE'

2026/04/11 13:54:10 [32m/home/ldutrie/Projects/LPP/lpp-backend/internal/db/database.go:22
[0m[33m[0.190ms] [34;1m[rows:1][0m SELECT CURRENT_DATABASE()

2026/04/11 13:54:10 [32m/home/ldutrie/Projects/LPP/lpp-backend/internal/db/database.go:22
[0m[33m[3.844ms] [34;1m[rows:-][0m SELECT c.column_name, c.is_nullable = 'YES', c.udt_name, c.character_maximum_length, c.numeric_precision, c.numeric_precision_radix, c.numeric_scale, c.datetime_precision, 8 * typlen, c.column_default, pd.description, c.identity_increment FROM information_schema.columns AS c JOIN pg_type AS pgt ON c.udt_name = pgt.typname LEFT JOIN pg_catalog.pg_description as pd ON pd.objsubid = c.ordinal_position AND pd.objoid = (SELECT oid FROM pg_catalog.pg_class WHERE relname = c.table_name AND relnamespace = (SELECT oid FROM pg_catalog.pg_namespace WHERE nspname = c.table_schema)) where table_catalog = 'lpp' AND table_schema = CURRENT_SCHEMA() AND table_name = 'matches'

2026/04/11 13:54:10 [32m/home/ldutrie/Projects/LPP/lpp-backend/internal/db/database.go:22
[0m[33m[1.041ms] [34;1m[rows:-][0m SELECT * FROM "matches" LIMIT 5

2026/04/11 13:54:10 [32m/home/ldutrie/Projects/LPP/lpp-backend/internal/db/database.go:22
[0m[33m[4.819ms] [34;1m[rows:-][0m SELECT constraint_name FROM information_schema.table_constraints tc JOIN information_schema.constraint_column_usage AS ccu USING (constraint_schema, constraint_catalog, table_name, constraint_name) JOIN information_schema.columns AS c ON c.table_schema = tc.constraint_schema AND tc.table_name = c.table_name AND ccu.column_name = c.column_name WHERE constraint_type IN ('PRIMARY KEY', 'UNIQUE') AND c.table_catalog = 'lpp' AND c.table_schema = CURRENT_SCHEMA() AND c.table_name = 'matches' AND constraint_type = 'UNIQUE'

2026/04/11 13:54:10 [32m/home/ldutrie/Projects/LPP/lpp-backend/internal/db/database.go:22
[0m[33m[5.027ms] [34;1m[rows:-][0m SELECT c.column_name, constraint_name, constraint_type FROM information_schema.table_constraints tc JOIN information_schema.constraint_column_usage AS ccu USING (constraint_schema, constraint_catalog, table_name, constraint_name) JOIN information_schema.columns AS c ON c.table_schema = tc.constraint_schema AND tc.table_name = c.table_name AND ccu.column_name = c.column_name WHERE constraint_type IN ('PRIMARY KEY', 'UNIQUE') AND c.table_catalog = 'lpp' AND c.table_schema = CURRENT_SCHEMA() AND c.table_name = 'matches'

2026/04/11 13:54:10 [32m/home/ldutrie/Projects/LPP/lpp-backend/internal/db/database.go:22
[0m[33m[0.409ms] [34;1m[rows:-][0m SELECT a.attname as column_name, format_type(a.atttypid, a.atttypmod) AS data_type
		FROM pg_attribute a JOIN pg_class b ON a.attrelid = b.oid AND relnamespace = (SELECT oid FROM pg_catalog.pg_namespace WHERE nspname = CURRENT_SCHEMA())
		WHERE a.attnum > 0 -- hide internal columns
		AND NOT a.attisdropped -- hide deleted columns
		AND b.relname = 'matches'

2026/04/11 13:54:10 [32m/home/ldutrie/Projects/LPP/lpp-backend/internal/db/database.go:22
[0m[33m[0.298ms] [34;1m[rows:0][0m SELECT description FROM pg_catalog.pg_description WHERE objsubid = (SELECT ordinal_position FROM information_schema.columns WHERE table_schema = CURRENT_SCHEMA() AND table_name = 'matches' AND column_name = 'id') AND objoid = (SELECT oid FROM pg_catalog.pg_class WHERE relname = 'matches' AND relnamespace = (SELECT oid FROM pg_catalog.pg_namespace WHERE nspname = CURRENT_SCHEMA()))

2026/04/11 13:54:10 [32m/home/ldutrie/Projects/LPP/lpp-backend/internal/db/database.go:22
[0m[33m[0.255ms] [34;1m[rows:0][0m SELECT description FROM pg_catalog.pg_description WHERE objsubid = (SELECT ordinal_position FROM information_schema.columns WHERE table_schema = CURRENT_SCHEMA() AND table_name = 'matches' AND column_name = 'created_at') AND objoid = (SELECT oid FROM pg_catalog.pg_class WHERE relname = 'matches' AND relnamespace = (SELECT oid FROM pg_catalog.pg_namespace WHERE nspname = CURRENT_SCHEMA()))

2026/04/11 13:54:10 [32m/home/ldutrie/Projects/LPP/lpp-backend/internal/db/database.go:22
[0m[33m[0.276ms] [34;1m[rows:0][0m SELECT description FROM pg_catalog.pg_description WHERE objsubid = (SELECT ordinal_position FROM information_schema.columns WHERE table_schema = CURRENT_SCHEMA() AND table_name = 'matches' AND column_name = 'updated_at') AND objoid = (SELECT oid FROM pg_catalog.pg_class WHERE relname = 'matches' AND relnamespace = (SELECT oid FROM pg_catalog.pg_namespace WHERE nspname = CURRENT_SCHEMA()))

2026/04/11 13:54:10 [32m/home/ldutrie/Projects/LPP/lpp-backend/internal/db/database.go:22
[0m[33m[0.261ms] [34;1m[rows:0][0m SELECT description FROM pg_catalog.pg_description WHERE objsubid = (SELECT ordinal_position FROM information_schema.columns WHERE table_schema = CURRENT_SCHEMA() AND table_name = 'matches' AND column_name = 'external_id') AND objoid = (SELECT oid FROM pg_catalog.pg_class WHERE relname = 'matches' AND relnamespace = (SELECT oid FROM pg_catalog.pg_namespace WHERE nspname = CURRENT_SCHEMA()))

2026/04/11 13:54:10 [32m/home/ldutrie/Projects/LPP/lpp-backend/internal/db/database.go:22
[0m[33m[0.268ms] [34;1m[rows:0][0m SELECT description FROM pg_catalog.pg_description WHERE objsubid = (SELECT ordinal_position FROM information_schema.columns WHERE table_schema = CURRENT_SCHEMA() AND table_name = 'matches' AND column_name = 'date') AND objoid = (SELECT oid FROM pg_catalog.pg_class WHERE relname = 'matches' AND relnamespace = (SELECT oid FROM pg_catalog.pg_namespace WHERE nspname = CURRENT_SCHEMA()))

2026/04/11 13:54:10 [32m/home/ldutrie/Projects/LPP/lpp-backend/internal/db/database.go:22
[0m[33m[0.271ms] [34;1m[rows:0][0m SELECT description FROM pg_catalog.pg_description WHERE objsubid = (SELECT ordinal_position FROM information_schema.columns WHERE table_schema = CURRENT_SCHEMA() AND table_name = 'matches' AND column_name = 'team1_id') AND objoid = (SELECT oid FROM pg_catalog.pg_class WHERE relname = 'matches' AND relnamespace = (SELECT oid FROM pg_catalog.pg_namespace WHERE nspname = CURRENT_SCHEMA()))

2026/04/11 13:54:10 [32m/home/ldutrie/Projects/LPP/lpp-backend/internal/db/database.go:22
[0m[33m[0.261ms] [34;1m[rows:0][0m SELECT description FROM pg_catalog.pg_description WHERE objsubid = (SELECT ordinal_position FROM information_schema.columns WHERE table_schema = CURRENT_SCHEMA() AND table_name = 'matches' AND column_name = 'team2_id') AND objoid = (SELECT oid FROM pg_catalog.pg_class WHERE relname = 'matches' AND relnamespace = (SELECT oid FROM pg_catalog.pg_namespace WHERE nspname = CURRENT_SCHEMA()))

2026/04/11 13:54:10 [32m/home/ldutrie/Projects/LPP/lpp-backend/internal/db/database.go:22
[0m[33m[0.268ms] [34;1m[rows:0][0m SELECT description FROM pg_catalog.pg_description WHERE objsubid = (SELECT ordinal_position FROM information_schema.columns WHERE table_schema = CURRENT_SCHEMA() AND table_name = 'matches' AND column_name = 'team1_score') AND objoid = (SELECT oid FROM pg_catalog.pg_class WHERE relname = 'matches' AND relnamespace = (SELECT oid FROM pg_catalog.pg_namespace WHERE nspname = CURRENT_SCHEMA()))

2026/04/11 13:54:10 [32m/home/ldutrie/Projects/LPP/lpp-backend/internal/db/database.go:22
[0m[33m[0.277ms] [34;1m[rows:0][0m SELECT description FROM pg_catalog.pg_description WHERE objsubid = (SELECT ordinal_position FROM information_schema.columns WHERE table_schema = CURRENT_SCHEMA() AND table_name = 'matches' AND column_name = 'team2_score') AND objoid = (SELECT oid FROM pg_catalog.pg_class WHERE relname = 'matches' AND relnamespace = (SELECT oid FROM pg_catalog.pg_namespace WHERE nspname = CURRENT_SCHEMA()))

2026/04/11 13:54:10 [32m/home/ldutrie/Projects/LPP/lpp-backend/internal/db/database.go:22
[0m[33m[0.269ms] [34;1m[rows:0][0m SELECT description FROM pg_catalog.pg_description WHERE objsubid = (SELECT ordinal_position FROM information_schema.columns WHERE table_schema = CURRENT_SCHEMA() AND table_name = 'matches' AND column_name = 'region') AND objoid = (SELECT oid FROM pg_catalog.pg_class WHERE relname = 'matches' AND relnamespace = (SELECT oid FROM pg_catalog.pg_namespace WHERE nspname = CURRENT_SCHEMA()))

2026/04/11 13:54:10 [32m/home/ldutrie/Projects/LPP/lpp-backend/internal/db/database.go:22
[0m[33m[0.285ms] [34;1m[rows:0][0m SELECT description FROM pg_catalog.pg_description WHERE objsubid = (SELECT ordinal_position FROM information_schema.columns WHERE table_schema = CURRENT_SCHEMA() AND table_name = 'matches' AND column_name = 'league') AND objoid = (SELECT oid FROM pg_catalog.pg_class WHERE relname = 'matches' AND relnamespace = (SELECT oid FROM pg_catalog.pg_namespace WHERE nspname = CURRENT_SCHEMA()))

2026/04/11 13:54:10 [32m/home/ldutrie/Projects/LPP/lpp-backend/internal/db/database.go:22
[0m[33m[0.278ms] [34;1m[rows:1][0m SELECT count(*) FROM pg_indexes WHERE tablename = 'matches' AND indexname = 'idx_matches_external_id' AND schemaname = CURRENT_SCHEMA()
2026/04/11 13:54:10 Database connected and migrated
[GIN-debug] [WARNING] Creating an Engine instance with the Logger and Recovery middleware already attached.

[GIN-debug] [WARNING] Running in "debug" mode. Switch to "release" mode in production.
 - using env:	export GIN_MODE=release
 - using code:	gin.SetMode(gin.ReleaseMode)

[GIN-debug] GET    /health                   --> lpp-backend/cmd/server.Run.func1 (4 handlers)
[GIN-debug] GET    /api/v1/rankings/current  --> lpp-backend/internal/handlers.(*RankingHandler).GetCurrentRankings-fm (4 handlers)
[GIN-debug] GET    /api/v1/rankings/week/:weekId --> lpp-backend/internal/handlers.(*RankingHandler).GetWeekRankings-fm (4 handlers)
[GIN-debug] POST   /api/v1/rankings/calculate --> lpp-backend/internal/handlers.(*RankingHandler).CalculateRankings-fm (4 handlers)
[GIN-debug] GET    /api/v1/teams             --> lpp-backend/internal/handlers.(*TeamHandler).GetTeams-fm (4 handlers)
[GIN-debug] GET    /api/v1/teams/:id         --> lpp-backend/internal/handlers.(*TeamHandler).GetTeam-fm (4 handlers)
[GIN-debug] POST   /api/v1/teams             --> lpp-backend/internal/handlers.(*TeamHandler).CreateTeam-fm (4 handlers)
[GIN-debug] PUT    /api/v1/teams/:id         --> lpp-backend/internal/handlers.(*TeamHandler).UpdateTeam-fm (4 handlers)
[GIN-debug] DELETE /api/v1/teams/:id         --> lpp-backend/internal/handlers.(*TeamHandler).DeleteTeam-fm (4 handlers)
[GIN-debug] GET    /api/v1/weeks             --> lpp-backend/internal/handlers.(*WeekHandler).GetWeeks-fm (4 handlers)
[GIN-debug] GET    /api/v1/weeks/:id         --> lpp-backend/internal/handlers.(*WeekHandler).GetWeek-fm (4 handlers)
[GIN-debug] POST   /api/v1/weeks             --> lpp-backend/internal/handlers.(*WeekHandler).CreateWeek-fm (4 handlers)
[GIN-debug] PUT    /api/v1/weeks/:id         --> lpp-backend/internal/handlers.(*WeekHandler).UpdateWeek-fm (4 handlers)
[GIN-debug] GET    /api/v1/votes/week/:weekId --> lpp-backend/internal/handlers.(*VoteHandler).GetVotesByWeek-fm (4 handlers)
[GIN-debug] POST   /api/v1/votes             --> lpp-backend/internal/handlers.(*VoteHandler).SubmitVote-fm (4 handlers)
2026/04/11 13:54:10 Server starting on port 8080
[GIN-debug] [WARNING] You trusted all proxies, this is NOT safe. We recommend you to set a value.
Please check https://github.com/gin-gonic/gin/blob/master/docs/doc.md#dont-trust-all-proxies for details.
[GIN-debug] Listening and serving HTTP on :8080
[GIN] 2026/04/11 - 13:54:13 | 200 | 54.943µs |             ::1 | GET      "/health"

2026/04/11 13:54:27 [31;1m/home/ldutrie/Projects/LPP/lpp-backend/internal/handlers/ranking.go:33 [35;1mrecord not found
[0m[33m[1.804ms] [34;1m[rows:0][0m SELECT * FROM "poll_weeks" WHERE status = 'published' ORDER BY publish_date DESC,"poll_weeks"."id" LIMIT 1
[GIN] 2026/04/11 - 13:54:27 | 404 |   1.98ms |             ::1 | GET      "/api/v1/rankings/current"

2026/04/11 13:54:39 [31;1m/home/ldutrie/Projects/LPP/lpp-backend/internal/handlers/ranking.go:33 [35;1mrecord not found
[0m[33m[1.042ms] [34;1m[rows:0][0m SELECT * FROM "poll_weeks" WHERE status = 'published' ORDER BY publish_date DESC,"poll_weeks"."id" LIMIT 1
[GIN] 2026/04/11 - 13:54:39 | 404 |    1.2ms |             ::1 | GET      "/api/v1/rankings/current"

2026/04/11 13:54:45 [31;1m/home/ldutrie/Projects/LPP/lpp-backend/internal/handlers/ranking.go:33 [35;1mrecord not found
[0m[33m[0.716ms] [34;1m[rows:0][0m SELECT * FROM "poll_weeks" WHERE status = 'published' ORDER BY publish_date DESC,"poll_weeks"."id" LIMIT 1
[GIN] 2026/04/11 - 13:54:45 | 404 | 841.33µs |             ::1 | GET      "/api/v1/rankings/current"

2026/04/11 13:57:02 [31;1m/home/ldutrie/Projects/LPP/lpp-backend/internal/handlers/ranking.go:33 [35;1mrecord not found
[0m[33m[0.792ms] [34;1m[rows:0][0m SELECT * FROM "poll_weeks" WHERE status = 'published' ORDER BY publish_date DESC,"poll_weeks"."id" LIMIT 1
[GIN] 2026/04/11 - 13:57:02 | 404 | 929.906µs |             ::1 | GET      "/api/v1/rankings/current"
